itron-rtos booting...
kernel_main reached
[kernel] task init
[scheduler] before_register selected: none
[task] registered: id=1 name=task_a state=READY prio=5 entry=0x101320 stack_base=0x10d000 stack_size=1024 stack_top=0x10d400 context.rsp=0x10d400 context.rbp=0x0 context.rbx=0x0 context.r12=0x0 context.r13=0x0 context.r14=0x0 context.r15=0x0
[kernel] task_register task_a returned 1
[task] registered: id=2 name=task_b state=READY prio=1 entry=0x1013a0 stack_base=0x10d400 stack_size=1024 stack_top=0x10d800 context.rsp=0x10d800 context.rbp=0x0 context.rbx=0x0 context.r12=0x0 context.r13=0x0 context.r14=0x0 context.r15=0x0
[kernel] task_register task_b returned 2
[task] registered: id=3 name=task_c state=READY prio=1 entry=0x1013c0 stack_base=0x10d800 stack_size=1024 stack_top=0x10dc00 context.rsp=0x10dc00 context.rbp=0x0 context.rbx=0x0 context.r12=0x0 context.r13=0x0 context.r14=0x0 context.r15=0x0
[kernel] task_register task_c returned 3
[task] dump start
[task] id=1 name=task_a prio=5 state=READY entry=0x101320 stack_base=0x10d000 stack_size=1024 stack_top=0x10d400 context.rsp=0x10d400 context.rbp=0x0 context.rbx=0x0 context.r12=0x0 context.r13=0x0 context.r14=0x0 context.r15=0x0
[task] id=2 name=task_b prio=1 state=READY entry=0x1013a0 stack_base=0x10d400 stack_size=1024 stack_top=0x10d800 context.rsp=0x10d800 context.rbp=0x0 context.rbx=0x0 context.r12=0x0 context.r13=0x0 context.r14=0x0 context.r15=0x0
[task] id=3 name=task_c prio=1 state=READY entry=0x1013c0 stack_base=0x10d800 stack_size=1024 stack_top=0x10dc00 context.rsp=0x10dc00 context.rbp=0x0 context.rbx=0x0 context.r12=0x0 context.r13=0x0 context.r14=0x0 context.r15=0x0
[task] dump end
[scheduler] after_register selected: id=2 name=task_b prio=1 state=READY
[context-smoke] begin
[dispatcher] committed current: id=2 name=task_b prio=1 state=RUNNING
[context] prepared initial frame: task id=2 name=task_b context.rsp=0x10d7f8
[context] switch begin: from=boot to id=2 name=task_b boot.rsp.before=0x0 to.rsp.restore=0x10d7f8
[context] entered task stack: task id=2 name=task_b current.rsp=0x10d7f8
[task_b] executed
[context] task entry returned: task id=2 name=task_b
[context] task ready after switch entry: result=0 task id=2 name=task_b
[context] switch back: from id=2 name=task_b to=boot from.rsp.before=0x10d7f8 boot.rsp.restore=0x10cf68
[context] switch resumed: task=boot boot.rsp.after=0x10cf68 from id=2 name=task_b from.rsp.saved=0x10d7d8
[context-smoke] end
[cooperative] iteration=1 begin
[scheduler] cooperative selected: id=2 name=task_b prio=1 state=READY
[dispatcher] committed current: id=2 name=task_b prio=1 state=RUNNING
[entry] calling current: id=2 name=task_b prio=1 state=RUNNING
[task_b] executed
[entry] returned current: id=2 name=task_b prio=1 state=RUNNING
[cooperative] returned current: id=2 name=task_b prio=1 state=RUNNING
[cooperative] ready again: result=ok id=2 name=task_b state=READY
[cooperative] iteration=2 begin
[scheduler] cooperative selected: id=2 name=task_b prio=1 state=READY
[dispatcher] committed current: id=2 name=task_b prio=1 state=RUNNING
[entry] calling current: id=2 name=task_b prio=1 state=RUNNING
[task_b] executed
[entry] returned current: id=2 name=task_b prio=1 state=RUNNING
[cooperative] returned current: id=2 name=task_b prio=1 state=RUNNING
[cooperative] ready again: result=ok id=2 name=task_b state=READY
[cooperative] iteration=3 begin
[scheduler] cooperative selected: id=2 name=task_b prio=1 state=READY
[dispatcher] committed current: id=2 name=task_b prio=1 state=RUNNING
[entry] calling current: id=2 name=task_b prio=1 state=RUNNING
[task_b] executed
[entry] returned current: id=2 name=task_b prio=1 state=RUNNING
[cooperative] returned current: id=2 name=task_b prio=1 state=RUNNING
[cooperative] ready again: result=ok id=2 name=task_b state=READY
[cooperative] stop: reason=limit-reached
